<?xml version="1.0" encoding="UTF-8"?>
<!-- Generated by org.testng.reporters.JUnitReportReporter -->
<testsuite hostname="LAPTOP-AR7H2N01" failures="0" tests="1" name="com.simplilearn.demo.FlipKart" time="38.762" errors="0" timestamp="2022-10-12T16:14:13 IST" skipped="0">
  <testcase classname="com.simplilearn.demo.FlipKart" name="flipkart" time="38.762"/>
  <system-out/>
</testsuite> <!-- com.simplilearn.demo.FlipKart -->
